2025-12-17 16:47:21 | PUT received | user_id=4 | ip=::1 | payload_preview={"nama_lengkap":"alfanfan","no_telepon":"081358066721","email":"alhamdulillah@gmail.com","alamat":"alhamdulillah bisa"}
2025-12-17 16:47:21 | PUT received | user_id=4 | ip=::1 | payload_preview={"nama_lengkap":"alfanfan","no_telepon":"081358066721","email":"alhamdulillah@gmail.com","alamat":"alhamdulillah bisa"}
2025-12-17 16:47:25 | PUT received | user_id=4 | ip=::1 | payload_preview={"nama_lengkap":"alfanfan","no_telepon":"081358066721","email":"alhamdulillah@gmail.com","alamat":"alhamdulillah bisa"}
2025-12-17 16:47:25 | PUT received | user_id=4 | ip=::1 | payload_preview={"nama_lengkap":"alfanfan","no_telepon":"081358066721","email":"alhamdulillah@gmail.com","alamat":"alhamdulillah bisa"}
2025-12-17 16:47:33 | PUT received | user_id=4 | ip=::1 | payload_preview={"nama_lengkap":"alfanfan","no_telepon":"081358066721","email":"alhamdulillah@gmail.com","alamat":"alhamdulillah bisa"}
2025-12-17 16:47:33 | PUT received | user_id=4 | ip=::1 | payload_preview={"nama_lengkap":"alfanfan","no_telepon":"081358066721","email":"alhamdulillah@gmail.com","alamat":"alhamdulillah bisa"}
2025-12-17 16:49:45 | POST received | user_id=4 | ip=::1 | payload_preview={"action":"update","nama_lengkap":"Alhamdulillah","no_telepon":"08119191919","email":"mudahmudahanbisa@gamil.com","alamat":"arabsaudi"}
2025-12-17 16:49:45 | POST received | user_id=4 | ip=::1 | payload_preview={"action":"update","nama_lengkap":"Alhamdulillah","no_telepon":"08119191919","email":"mudahmudahanbisa@gamil.com","alamat":"arabsaudi"}
2025-12-17 16:50:06 | POST received | user_id=4 | ip=::1 | payload_preview={"action":"update","nama_lengkap":"Alhamdulillah","no_telepon":"08119191919","email":"mudahmudahanbisa@gamil.com","alamat":"arabsaudi"}
2025-12-17 16:50:06 | POST received | user_id=4 | ip=::1 | payload_preview={"action":"update","nama_lengkap":"Alhamdulillah","no_telepon":"08119191919","email":"mudahmudahanbisa@gamil.com","alamat":"arabsaudi"}
2025-12-17 16:50:13 | POST received | user_id=4 | ip=::1 | payload_preview={"action":"update","nama_lengkap":"Alhamdulillah","no_telepon":"08119191919","email":"mudahmudahanbisa@gamil.com","alamat":"arabsaudi"}
2025-12-17 16:50:13 | POST received | user_id=4 | ip=::1 | payload_preview={"action":"update","nama_lengkap":"Alhamdulillah","no_telepon":"08119191919","email":"mudahmudahanbisa@gamil.com","alamat":"arabsaudi"}
2025-12-17 16:52:08 | POST received | user_id=4 | ip=::1 | payload_preview={"action":"update","nama_lengkap":"NAGASAKTI","no_telepon":"08119191919","email":"mudahmudahanbisa@gamil.com","alamat":"arabsaudi"}
2025-12-17 16:52:08 | POST received | user_id=4 | ip=::1 | payload_preview={"action":"update","nama_lengkap":"NAGASAKTI","no_telepon":"08119191919","email":"mudahmudahanbisa@gamil.com","alamat":"arabsaudi"}
2025-12-17 16:52:08 | POST received | user_id=4 | ip=::1 | payload_preview={"action":"update","nama_lengkap":"NAGASAKTI","no_telepon":"08119191919","email":"mudahmudahanbisa@gamil.com","alamat":"arabsaudi"}
2025-12-17 16:52:08 | POST received | user_id=4 | ip=::1 | payload_preview={"action":"update","nama_lengkap":"NAGASAKTI","no_telepon":"08119191919","email":"mudahmudahanbisa@gamil.com","alamat":"arabsaudi"}
2025-12-17 16:52:14 | POST received | user_id=4 | ip=::1 | payload_preview={"action":"update","nama_lengkap":"NAGASAKTI","no_telepon":"08119191919","email":"mudahmudahanbisa@gamil.com","alamat":"arabsaudi"}
2025-12-17 16:52:14 | POST received | user_id=4 | ip=::1 | payload_preview={"action":"update","nama_lengkap":"NAGASAKTI","no_telepon":"08119191919","email":"mudahmudahanbisa@gamil.com","alamat":"arabsaudi"}
2025-12-17 16:52:15 | POST received | user_id=4 | ip=::1 | payload_preview={"action":"update","nama_lengkap":"NAGASAKTI","no_telepon":"08119191919","email":"mudahmudahanbisa@gamil.com","alamat":"arabsaudi"}
2025-12-17 16:52:15 | POST received | user_id=4 | ip=::1 | payload_preview={"action":"update","nama_lengkap":"NAGASAKTI","no_telepon":"08119191919","email":"mudahmudahanbisa@gamil.com","alamat":"arabsaudi"}
2025-12-17 16:52:15 | POST received | user_id=4 | ip=::1 | payload_preview={"action":"update","nama_lengkap":"NAGASAKTI","no_telepon":"08119191919","email":"mudahmudahanbisa@gamil.com","alamat":"arabsaudi"}
2025-12-17 16:52:15 | POST received | user_id=4 | ip=::1 | payload_preview={"action":"update","nama_lengkap":"NAGASAKTI","no_telepon":"08119191919","email":"mudahmudahanbisa@gamil.com","alamat":"arabsaudi"}
2025-12-17 16:52:15 | POST received | user_id=4 | ip=::1 | payload_preview={"action":"update","nama_lengkap":"NAGASAKTI","no_telepon":"08119191919","email":"mudahmudahanbisa@gamil.com","alamat":"arabsaudi"}
2025-12-17 16:52:15 | POST received | user_id=4 | ip=::1 | payload_preview={"action":"update","nama_lengkap":"NAGASAKTI","no_telepon":"08119191919","email":"mudahmudahanbisa@gamil.com","alamat":"arabsaudi"}
2025-12-17 16:52:15 | POST received | user_id=4 | ip=::1 | payload_preview={"action":"update","nama_lengkap":"NAGASAKTI","no_telepon":"08119191919","email":"mudahmudahanbisa@gamil.com","alamat":"arabsaudi"}
2025-12-17 16:52:15 | POST received | user_id=4 | ip=::1 | payload_preview={"action":"update","nama_lengkap":"NAGASAKTI","no_telepon":"08119191919","email":"mudahmudahanbisa@gamil.com","alamat":"arabsaudi"}
2025-12-17 16:52:15 | POST received | user_id=4 | ip=::1 | payload_preview={"action":"update","nama_lengkap":"NAGASAKTI","no_telepon":"08119191919","email":"mudahmudahanbisa@gamil.com","alamat":"arabsaudi"}
2025-12-17 16:52:15 | POST received | user_id=4 | ip=::1 | payload_preview={"action":"update","nama_lengkap":"NAGASAKTI","no_telepon":"08119191919","email":"mudahmudahanbisa@gamil.com","alamat":"arabsaudi"}
2025-12-17 16:52:19 | POST received | user_id=4 | ip=::1 | payload_preview={"action":"update","nama_lengkap":"JASIJDAJSDJAIS","no_telepon":"08119191919","email":"mudahmudahanbisa@gamil.com","alamat":"arabsaudi"}
2025-12-17 16:52:19 | POST received | user_id=4 | ip=::1 | payload_preview={"action":"update","nama_lengkap":"JASIJDAJSDJAIS","no_telepon":"08119191919","email":"mudahmudahanbisa@gamil.com","alamat":"arabsaudi"}
2025-12-17 16:52:27 | POST received | user_id=4 | ip=::1 | payload_preview={"action":"update","nama_lengkap":"ASU","no_telepon":"08119191919","email":"mudahmudahanbisa@gamil.com","alamat":"arabsaudi"}
2025-12-17 16:52:27 | POST received | user_id=4 | ip=::1 | payload_preview={"action":"update","nama_lengkap":"ASU","no_telepon":"08119191919","email":"mudahmudahanbisa@gamil.com","alamat":"arabsaudi"}
2025-12-17 16:53:56 | PUT received | user_id=6 | ip=::1 | payload_preview={"nama_lengkap":"ADMIN TERCINTA","email":"Gemilang@admin.com"}
2025-12-17 16:56:41 | POST received | user_id=4 | ip=::1 | payload_preview={"action":"update","nama_lengkap":"TEST_PASIEN","no_telepon":"08119191919","email":"pasien@gmail.com","alamat":"arabsaudi"}
2025-12-17 16:56:41 | POST received | user_id=4 | ip=::1 | payload_preview={"action":"update","nama_lengkap":"TEST_PASIEN","no_telepon":"08119191919","email":"pasien@gmail.com","alamat":"arabsaudi"}
2025-12-17 16:56:42 | POST received | user_id=4 | ip=::1 | payload_preview={"action":"update","nama_lengkap":"TEST_PASIEN","no_telepon":"08119191919","email":"pasien@gmail.com","alamat":"arabsaudi"}
2025-12-17 16:56:42 | POST received | user_id=4 | ip=::1 | payload_preview={"action":"update","nama_lengkap":"TEST_PASIEN","no_telepon":"08119191919","email":"pasien@gmail.com","alamat":"arabsaudi"}
2025-12-17 16:56:44 | POST received | user_id=4 | ip=::1 | payload_preview={"action":"update","nama_lengkap":"TEST_PASIEN","no_telepon":"08119191919","email":"pasien@gmail.com","alamat":"arabsaudi"}
2025-12-17 16:56:44 | POST received | user_id=4 | ip=::1 | payload_preview={"action":"update","nama_lengkap":"TEST_PASIEN","no_telepon":"08119191919","email":"pasien@gmail.com","alamat":"arabsaudi"}
2025-12-17 20:35:34 | POST received | user_id=8 | ip=::1 | payload_preview={"action":"update","nama_lengkap":"Alfan","no_telepon":null,"email":"testing@gmail.com","alamat":"testingcihuy"}
2025-12-17 20:35:34 | POST received | user_id=8 | ip=::1 | payload_preview={"action":"update","nama_lengkap":"Alfan","no_telepon":null,"email":"testing@gmail.com","alamat":"testingcihuy"}
2025-12-17 20:43:34 | PUT received | user_id=6 | ip=::1 | payload_preview={"nama_lengkap":"ADMIN SAYANG","email":"Gemilang@admin.com"}
2025-12-17 20:43:43 | PUT received | user_id=6 | ip=::1 | payload_preview={"nama_lengkap":"ADMIN TERCINTA","email":"Gemilang@admin.com"}
2025-12-17 23:53:38 | POST received | user_id=8 | ip=::1 | payload_preview={"action":"update","nama_lengkap":"Alfan","no_telepon":null,"email":"testing@gmail.com","alamat":"testingcihuy"}
2025-12-17 23:53:38 | POST received | user_id=8 | ip=::1 | payload_preview={"action":"update","nama_lengkap":"Alfan","no_telepon":null,"email":"testing@gmail.com","alamat":"testingcihuy"}
2025-12-17 23:53:40 | POST received | user_id=8 | ip=::1 | payload_preview={"action":"update","nama_lengkap":"Alfan","no_telepon":null,"email":"testing@gmail.com","alamat":"testingcihuy"}
2025-12-17 23:53:40 | POST received | user_id=8 | ip=::1 | payload_preview={"action":"update","nama_lengkap":"Alfan","no_telepon":null,"email":"testing@gmail.com","alamat":"testingcihuy"}
2025-12-18 12:18:25 | PUT received | user_id=10 | ip=127.0.0.1 | payload_preview={"nama_lengkap":"peler ijo","email":"admin2@admin.com"}
